<?xml version="1.0" encoding="UTF-8"?>
<!-- Generated by org.testng.reporters.JUnitXMLReporter -->
<testsuite ignored="0" hostname="DESKTOP-HJ8D559" failures="0" tests="8" name="Default test" time="174.453" errors="0" timestamp="2022-10-18T17:37:55 IST">
  <testcase classname="com.test.flipkart" name="loadTime" time="49.879"/>
  <testcase classname="com.test.flipkart" name="search" time="9.724"/>
  <testcase classname="com.test.flipkart" name="scroll" time="3.22"/>
  <testcase classname="com.test.flipkart" name="imageDisplay" time="7.243"/>
  <testcase classname="com.test.flipkart" name="bottomScroll" time="5.257"/>
  <testcase classname="com.test.flipkart" name="imgHeight" time="9.2"/>
  <testcase classname="com.test.flipkart" name="diffBrowChrome" time="11.325"/>
  <testcase classname="com.test.flipkart" name="diffBrowEdge" time="60.829"/>
</testsuite> <!-- Default test -->
