<?xml version="1.0" encoding="UTF-8"?>
<testng-results ignored="0" total="8" passed="8" failed="0" skipped="0">
  <reporter-output>
  </reporter-output>
  <suite started-at="2022-10-18T17:35:01 IST" name="Default suite" finished-at="2022-10-18T17:37:55 IST" duration-ms="174453">
    <groups>
    </groups>
    <test started-at="2022-10-18T17:35:01 IST" name="Default test" finished-at="2022-10-18T17:37:55 IST" duration-ms="174453">
      <class name="com.test.flipkart">
        <test-method is-config="true" signature="beforeClass()[pri:0, instance:com.test.flipkart@543588e6]" started-at="2022-10-18T17:35:01 IST" name="beforeClass" finished-at="2022-10-18T17:35:02 IST" duration-ms="1352" status="PASS">
          <reporter-output>
          </reporter-output>
        </test-method> <!-- beforeClass -->
        <test-method is-config="true" signature="beforeMethod()[pri:0, instance:com.test.flipkart@543588e6]" started-at="2022-10-18T17:35:02 IST" name="beforeMethod" finished-at="2022-10-18T17:35:04 IST" duration-ms="2128" status="PASS">
          <reporter-output>
          </reporter-output>
        </test-method> <!-- beforeMethod -->
        <test-method signature="loadTime()[pri:1, instance:com.test.flipkart@543588e6]" started-at="2022-10-18T17:35:04 IST" name="loadTime" finished-at="2022-10-18T17:35:54 IST" duration-ms="49879" status="PASS">
          <reporter-output>
          </reporter-output>
        </test-method> <!-- loadTime -->
        <test-method is-config="true" signature="afterMethod()[pri:0, instance:com.test.flipkart@543588e6]" started-at="2022-10-18T17:35:54 IST" name="afterMethod" finished-at="2022-10-18T17:35:54 IST" duration-ms="1" status="PASS">
          <reporter-output>
          </reporter-output>
        </test-method> <!-- afterMethod -->
        <test-method is-config="true" signature="beforeMethod()[pri:0, instance:com.test.flipkart@543588e6]" started-at="2022-10-18T17:35:54 IST" name="beforeMethod" finished-at="2022-10-18T17:35:56 IST" duration-ms="2017" status="PASS">
          <reporter-output>
          </reporter-output>
        </test-method> <!-- beforeMethod -->
        <test-method signature="search()[pri:2, instance:com.test.flipkart@543588e6]" started-at="2022-10-18T17:35:56 IST" name="search" finished-at="2022-10-18T17:36:06 IST" duration-ms="9724" status="PASS">
          <reporter-output>
          </reporter-output>
        </test-method> <!-- search -->
        <test-method is-config="true" signature="beforeMethod()[pri:0, instance:com.test.flipkart@543588e6]" started-at="2022-10-18T17:36:06 IST" name="beforeMethod" finished-at="2022-10-18T17:36:08 IST" duration-ms="2022" status="PASS">
          <reporter-output>
          </reporter-output>
        </test-method> <!-- beforeMethod -->
        <test-method is-config="true" signature="afterMethod()[pri:0, instance:com.test.flipkart@543588e6]" started-at="2022-10-18T17:36:06 IST" name="afterMethod" finished-at="2022-10-18T17:36:06 IST" duration-ms="0" status="PASS">
          <reporter-output>
          </reporter-output>
        </test-method> <!-- afterMethod -->
        <test-method signature="scroll()[pri:3, instance:com.test.flipkart@543588e6]" started-at="2022-10-18T17:36:08 IST" name="scroll" finished-at="2022-10-18T17:36:11 IST" duration-ms="3220" status="PASS">
          <reporter-output>
          </reporter-output>
        </test-method> <!-- scroll -->
        <test-method is-config="true" signature="afterMethod()[pri:0, instance:com.test.flipkart@543588e6]" started-at="2022-10-18T17:36:11 IST" name="afterMethod" finished-at="2022-10-18T17:36:11 IST" duration-ms="0" status="PASS">
          <reporter-output>
          </reporter-output>
        </test-method> <!-- afterMethod -->
        <test-method is-config="true" signature="beforeMethod()[pri:0, instance:com.test.flipkart@543588e6]" started-at="2022-10-18T17:36:11 IST" name="beforeMethod" finished-at="2022-10-18T17:36:13 IST" duration-ms="2014" status="PASS">
          <reporter-output>
          </reporter-output>
        </test-method> <!-- beforeMethod -->
        <test-method signature="imageDisplay()[pri:5, instance:com.test.flipkart@543588e6]" started-at="2022-10-18T17:36:13 IST" name="imageDisplay" finished-at="2022-10-18T17:36:20 IST" duration-ms="7243" status="PASS">
          <reporter-output>
          </reporter-output>
        </test-method> <!-- imageDisplay -->
        <test-method is-config="true" signature="afterMethod()[pri:0, instance:com.test.flipkart@543588e6]" started-at="2022-10-18T17:36:20 IST" name="afterMethod" finished-at="2022-10-18T17:36:20 IST" duration-ms="0" status="PASS">
          <reporter-output>
          </reporter-output>
        </test-method> <!-- afterMethod -->
        <test-method is-config="true" signature="beforeMethod()[pri:0, instance:com.test.flipkart@543588e6]" started-at="2022-10-18T17:36:20 IST" name="beforeMethod" finished-at="2022-10-18T17:36:22 IST" duration-ms="2013" status="PASS">
          <reporter-output>
          </reporter-output>
        </test-method> <!-- beforeMethod -->
        <test-method signature="bottomScroll()[pri:6, instance:com.test.flipkart@543588e6]" started-at="2022-10-18T17:36:22 IST" name="bottomScroll" finished-at="2022-10-18T17:36:27 IST" duration-ms="5257" status="PASS">
          <reporter-output>
          </reporter-output>
        </test-method> <!-- bottomScroll -->
        <test-method is-config="true" signature="afterMethod()[pri:0, instance:com.test.flipkart@543588e6]" started-at="2022-10-18T17:36:27 IST" name="afterMethod" finished-at="2022-10-18T17:36:27 IST" duration-ms="0" status="PASS">
          <reporter-output>
          </reporter-output>
        </test-method> <!-- afterMethod -->
        <test-method is-config="true" signature="beforeMethod()[pri:0, instance:com.test.flipkart@543588e6]" started-at="2022-10-18T17:36:27 IST" name="beforeMethod" finished-at="2022-10-18T17:36:29 IST" duration-ms="2020" status="PASS">
          <reporter-output>
          </reporter-output>
        </test-method> <!-- beforeMethod -->
        <test-method signature="imgHeight()[pri:7, instance:com.test.flipkart@543588e6]" started-at="2022-10-18T17:36:29 IST" name="imgHeight" finished-at="2022-10-18T17:36:39 IST" duration-ms="9200" status="PASS">
          <reporter-output>
          </reporter-output>
        </test-method> <!-- imgHeight -->
        <test-method is-config="true" signature="afterMethod()[pri:0, instance:com.test.flipkart@543588e6]" started-at="2022-10-18T17:36:39 IST" name="afterMethod" finished-at="2022-10-18T17:36:39 IST" duration-ms="1" status="PASS">
          <reporter-output>
          </reporter-output>
        </test-method> <!-- afterMethod -->
        <test-method is-config="true" signature="beforeMethod()[pri:0, instance:com.test.flipkart@543588e6]" started-at="2022-10-18T17:36:39 IST" name="beforeMethod" finished-at="2022-10-18T17:36:41 IST" duration-ms="2019" status="PASS">
          <reporter-output>
          </reporter-output>
        </test-method> <!-- beforeMethod -->
        <test-method signature="diffBrowChrome()[pri:8, instance:com.test.flipkart@543588e6]" started-at="2022-10-18T17:36:41 IST" name="diffBrowChrome" finished-at="2022-10-18T17:36:52 IST" duration-ms="11325" status="PASS">
          <reporter-output>
          </reporter-output>
        </test-method> <!-- diffBrowChrome -->
        <test-method is-config="true" signature="afterMethod()[pri:0, instance:com.test.flipkart@543588e6]" started-at="2022-10-18T17:36:52 IST" name="afterMethod" finished-at="2022-10-18T17:36:52 IST" duration-ms="2" status="PASS">
          <reporter-output>
          </reporter-output>
        </test-method> <!-- afterMethod -->
        <test-method is-config="true" signature="beforeMethod()[pri:0, instance:com.test.flipkart@543588e6]" started-at="2022-10-18T17:36:52 IST" name="beforeMethod" finished-at="2022-10-18T17:36:54 IST" duration-ms="2139" status="PASS">
          <reporter-output>
          </reporter-output>
        </test-method> <!-- beforeMethod -->
        <test-method signature="diffBrowEdge()[pri:9, instance:com.test.flipkart@543588e6]" started-at="2022-10-18T17:36:54 IST" name="diffBrowEdge" finished-at="2022-10-18T17:37:55 IST" duration-ms="60829" status="PASS">
          <reporter-output>
          </reporter-output>
        </test-method> <!-- diffBrowEdge -->
        <test-method is-config="true" signature="afterMethod()[pri:0, instance:com.test.flipkart@543588e6]" started-at="2022-10-18T17:37:55 IST" name="afterMethod" finished-at="2022-10-18T17:37:55 IST" duration-ms="0" status="PASS">
          <reporter-output>
          </reporter-output>
        </test-method> <!-- afterMethod -->
        <test-method is-config="true" signature="afterClass()[pri:0, instance:com.test.flipkart@543588e6]" started-at="2022-10-18T17:37:55 IST" name="afterClass" finished-at="2022-10-18T17:37:55 IST" duration-ms="0" status="PASS">
          <reporter-output>
          </reporter-output>
        </test-method> <!-- afterClass -->
      </class> <!-- com.test.flipkart -->
    </test> <!-- Default test -->
  </suite> <!-- Default suite -->
</testng-results>
